c:\users\nulcr\source\repos\vrgame\vrgame\x64\debug\vc142.pdb
c:\users\nulcr\source\repos\vrgame\vrgame\x64\debug\vc142.idb
c:\users\nulcr\source\repos\vrgame\vrgame\x64\debug\world.obj
c:\users\nulcr\source\repos\vrgame\vrgame\x64\debug\vrgame.obj
c:\users\nulcr\source\repos\vrgame\vrgame\x64\debug\shader.obj
c:\users\nulcr\source\repos\vrgame\vrgame\x64\debug\basicshader.obj
c:\users\nulcr\source\repos\vrgame\vrgame\x64\debug\model.obj
c:\users\nulcr\source\repos\vrgame\vrgame\x64\debug\perlin.obj
c:\users\nulcr\source\repos\vrgame\vrgame\x64\debug\particle.obj
c:\users\nulcr\source\repos\vrgame\vrgame\x64\debug\input.obj
c:\users\nulcr\source\repos\vrgame\vrgame\x64\debug\fbo.obj
c:\users\nulcr\source\repos\vrgame\vrgame\x64\debug\chunk.obj
c:\users\nulcr\source\repos\vrgame\vrgame\x64\debug\glad.obj
c:\users\nulcr\source\repos\vrgame\x64\debug\vrgame.exe
c:\users\nulcr\source\repos\vrgame\x64\debug\vrgame.ilk
c:\users\nulcr\source\repos\vrgame\x64\debug\vrgame.pdb
c:\users\nulcr\source\repos\vrgame\vrgame\x64\debug\entity.obj
c:\users\nulcr\source\repos\vrgame\vrgame\x64\debug\vrgame.tlog\cl.command.1.tlog
c:\users\nulcr\source\repos\vrgame\vrgame\x64\debug\vrgame.tlog\cl.read.1.tlog
c:\users\nulcr\source\repos\vrgame\vrgame\x64\debug\vrgame.tlog\cl.write.1.tlog
c:\users\nulcr\source\repos\vrgame\vrgame\x64\debug\vrgame.tlog\link.command.1.tlog
c:\users\nulcr\source\repos\vrgame\vrgame\x64\debug\vrgame.tlog\link.read.1.tlog
c:\users\nulcr\source\repos\vrgame\vrgame\x64\debug\vrgame.tlog\link.write.1.tlog
c:\users\nulcr\source\repos\vrgame\vrgame\x64\debug\vrgame.tlog\vrgame.write.1u.tlog
